2020-12-04 11:31:46,525 INFO  [log] Testcase name is TestCase 1
2020-12-04 11:31:46,546 INFO  [log] TestSuite name is SalesOrderRepository_TS
2020-12-04 11:31:46,715 INFO  [log] Request is <soap:Envelope xmlns:soap="http://www.w3.org/2003/05/soap-envelope" xmlns:def="http://soap.upskills.in/soap/default?services=salesOrderRepositoryV1">
   <soap:Header/>
   <soap:Body>
      <def:salesOrderRepositoryV1SaveRequest>
         <entity>
<!--enter valid customer email-->                        
<customerEmail>Testhr@gmail.com</customerEmail>
<items>
        <item>
            <!--enter valid product SKU-->
                <sku>SK012006</sku>
                <qtyOrdered>6</qtyOrdered>
                <price>240</price>
        </item>
</items>
<payment>
    <!--default value checkmo-->
        <method>checkmo</method>
</payment>
         
         </entity>
      </def:salesOrderRepositoryV1SaveRequest>
   </soap:Body>
</soap:Envelope>
2020-12-04 11:31:46,750 INFO  [log] Email is Testhr@gmail.com
2020-12-04 11:31:46,751 INFO  [log] SKU is SK012006
2020-12-04 11:31:46,752 INFO  [log] qty 6
2020-12-04 11:31:46,752 INFO  [log] price240
2020-12-04 11:31:47,559 INFO  [log] Updated Xml is <soap:Envelope xmlns:soap="http://www.w3.org/2003/05/soap-envelope" xmlns:def="http://soap.upskills.in/soap/default?services=salesOrderRepositoryV1">
   <soap:Header/>
   <soap:Body>
      <def:salesOrderRepositoryV1SaveRequest>
         <entity>
<!--enter valid customer email-->                        
<customerEmail>Testhr@gmail.com</customerEmail>
<items>
        <item>
            <!--enter valid product SKU-->
                <sku>SK012006</sku>
                <qtyOrdered>6</qtyOrdered>
                <price>240</price>
        </item>
</items>
<payment>
    <!--default value checkmo-->
        <method>checkmo</method>
</payment>
         
         </entity>
      </def:salesOrderRepositoryV1SaveRequest>
   </soap:Body>
</soap:Envelope>
2020-12-04 11:32:06,308 INFO  [log] HTTP status code: 200
2020-12-04 11:32:06,309 INFO  [log] [HTTP/1.1 200 OK]
2020-12-04 11:32:06,346 INFO  [log] Response is <env:Envelope xmlns:env="http://www.w3.org/2003/05/soap-envelope" xmlns:ns1="http://soap.upskills.in/soap/default?services=salesOrderRepositoryV1">
   <env:Body>
      <ns1:salesOrderRepositoryV1SaveResponse>
         <result>
            <baseGrandTotal/>
            <baseTotalDue>0</baseTotalDue>
            <createdAt>2020-12-04 06:01:54</createdAt>
            <customerEmail>Testhr@gmail.com</customerEmail>
            <entityId>1702</entityId>
            <grandTotal/>
            <incrementId>000001706</incrementId>
            <protectCode>7f2c6eda358683e5ad4a98e207c6df78</protectCode>
            <storeName>Main Website
Main Website Store
Default Store View</storeName>
            <totalDue>0</totalDue>
            <totalItemCount>1</totalItemCount>
            <updatedAt>2020-12-04 06:01:54</updatedAt>
            <items>
               <item>
                  <baseRowTotal>0</baseRowTotal>
                  <baseRowTotalInclTax>0</baseRowTotalInclTax>
                  <createdAt>2020-12-04 06:01:54</createdAt>
                  <itemId>1669</itemId>
                  <orderId>1702</orderId>
                  <originalPrice>240</originalPrice>
                  <price>240</price>
                  <qtyOrdered>6</qtyOrdered>
                  <rowTotal>0</rowTotal>
                  <rowTotalInclTax>0</rowTotalInclTax>
                  <sku>SK012006</sku>
                  <updatedAt>2020-12-04 06:01:54</updatedAt>
               </item>
            </items>
            <payment>
               <accountStatus/>
               <additionalInformation/>
               <ccLast4/>
               <entityId>1702</entityId>
               <method>checkmo</method>
               <parentId>1702</parentId>
            </payment>
            <statusHistories/>
         </result>
      </ns1:salesOrderRepositoryV1SaveResponse>
   </env:Body>
</env:Envelope>
2020-12-04 11:32:06,378 INFO  [log] orderID is 1702
2020-12-04 11:32:08,304 INFO  [log] HTTP status code: 200
2020-12-04 11:32:08,305 INFO  [log] [HTTP/1.1 200 OK]
